// 同步 ID: a909532a @ Thu Jul  2 17:32:08 UTC 2026
// 同步 ID: c3e04a48 @ Sat Jul  4 09:02:41 UTC 2026
// 同步 ID: 75fc564d @ Sun Jul  5 10:13:19 UTC 2026
// 重构日志: 51bdcdc9
// 同步 ID: 38ec6819 @ Wed Jul  8 08:13:57 UTC 2026
// 同步 ID: 2990602c @ Wed Jul  8 16:18:58 UTC 2026
// 同步 ID: b0a80aec @ Thu Jul  9 10:40:35 UTC 2026
// 重构日志: 0d26ad2b
// 重构日志: 662f5084
// 重构日志: c9261cd8
// 重构日志: c8a9f1b9
// 重构日志: 65802f99
// 重构日志: f5c129f1
// 重构日志: 5170e58a
// 重构日志: cb2e31d1
// 重构日志: 72086acc
// 重构日志: 5369ca35
// 重构日志: fa9b57a5
// 同步 ID: ab809fa6 @ Sat Jul 18 00:17:10 UTC 2026
// 同步 ID: ebdf834f @ Sat Jul 18 15:55:08 UTC 2026
// 重构日志: 43c209ed
// 同步 ID: a0fa42b1 @ Mon Jul 20 13:29:41 UTC 2026
// 同步 ID: 8bdb17d0 @ Mon Jul 20 16:03:59 UTC 2026
// 重构日志: f2034e48
// 重构日志: 674dcb75
// 重构日志: f1c85b53
// 重构日志: 926aa59a
// 重构日志: 4fd78690
// 重构日志: a7922295
// 同步 ID: 6e399657 @ Thu Jul 23 21:33:10 UTC 2026
